#-----------------------------------------------------------
# Vivado v2016.4 (64-bit)
# SW Build 1756540 on Mon Jan 23 19:11:23 MST 2017
# IP Build 1755317 on Mon Jan 23 20:30:07 MST 2017
# Start of session at: Sun Feb 27 21:01:09 2022
# Process ID: 9732
# Current directory: C:/Users/olivi/OneDrive/Desktop/faculta/an2/sem2/ac/lab/MIPS
# Command line: vivado.exe -gui_launcher_event rodinguilauncherevent1316 C:\Users\olivi\OneDrive\Desktop\faculta\an2\sem2\ac\lab\MIPS\MIPS.xpr
# Log file: C:/Users/olivi/OneDrive/Desktop/faculta/an2/sem2/ac/lab/MIPS/vivado.log
# Journal file: C:/Users/olivi/OneDrive/Desktop/faculta/an2/sem2/ac/lab/MIPS\vivado.jou
#-----------------------------------------------------------
start_gui
open_project C:/Users/olivi/OneDrive/Desktop/faculta/an2/sem2/ac/lab/MIPS/MIPS.xpr
Scanning sources...
Finished scanning sources
INFO: [IP_Flow 19-234] Refreshing IP repositories
INFO: [IP_Flow 19-1704] No user IP repositories specified
ININFO: [IP_Flow 19-2313] Loaded Vivado IP repository 'C:/Xilinx/Vivado/2016.4/data/ip'open_project: Time (s): cpu = 00:00:17 ; elapsed = 00:00:09 . Memory (MB): peak = 777.371 ; gain = 109.527
exit
INFO: [Common 17-206] Exiting Vivado at Sun Feb 27 21:01:53 2022...
.
