#-----------------------------------------------------------
# Vivado v2016.4 (64-bit)
# SW Build 1756540 on Mon Jan 23 19:11:23 MST 2017
# IP Build 1755317 on Mon Jan 23 20:30:07 MST 2017
# Start of session at: Wed Mar 24 18:57:16 2021
# Process ID: 12172
# Current directory: C:/Users/olivi/OneDrive/Desktop/faculta/an2/sem2/ac/lab/MIPS
# Command line: vivado.exe -gui_launcher_event rodinguilauncherevent1404 C:\Users\olivi\OneDrive\Desktop\faculta\an2\sem2\ac\lab\MIPS\MIPS.xpr
# Log file: C:/Users/olivi/OneDrive/Desktop/faculta/an2/sem2/ac/lab/MIPS/vivado.log
# Journal file: C:/Users/olivi/OneDrive/Desktop/faculta/an2/sem2/ac/lab/MIPS\vivado.jou
#-----------------------------------------------------------
start_gui
open_project C:/Users/olivi/OneDrive/Desktop/faculta/an2/sem2/ac/lab/MIPS/MIPS.xpr
Scanning sources...
Finished scanning sources
INFO: [IP_Flow 19-234] Refreshing IP repositories
INFO: [IP_Flow 19-1704] No user IP repositories specified
INFO: [IP_Flow 19-2313] Loaded Vivado IP repository 'C:/Xilinx/Vivado/2016.4/data/ip'.
open_project: Time (s): cpu = 00:00:10 ; elapsed = 00:00:05 . Memory (MB): peak = 768.887 ; gain = 115.391
remove_files  C:/Users/olivi/OneDrive/Desktop/faculta/an2/sem2/ac/lab/MIPS/MIPS.srcs/sources_1/new/inst_IF.vhd
file delete -force C:/Users/olivi/OneDrive/Desktop/faculta/an2/sem2/ac/lab/MIPS/MIPS.srcs/sources_1/new/inst_IF.vhd
close [ open C:/Users/olivi/OneDrive/Desktop/faculta/an2/sem2/ac/lab/MIPS/MIPS.srcs/sources_1/new/IFetch.vhd w ]
add_files C:/Users/olivi/OneDrive/Desktop/faculta/an2/sem2/ac/lab/MIPS/MIPS.srcs/sources_1/new/IFetch.vhd
launch_runs impl_1 -jobs 4
[Wed Mar 24 22:56:52 2021] Launched synth_1...
Run output will be captured here: C:/Users/olivi/OneDrive/Desktop/faculta/an2/sem2/ac/lab/MIPS/MIPS.runs/synth_1/runme.log
[Wed Mar 24 22:56:53 2021] Launched impl_1...
Run output will be captured here: C:/Users/olivi/OneDrive/Desktop/faculta/an2/sem2/ac/lab/MIPS/MIPS.runs/impl_1/runme.log
reset_run synth_1
launch_runs impl_1 -jobs 4
[Wed Mar 24 22:58:53 2021] Launched synth_1...
Run output will be captured here: C:/Users/olivi/OneDrive/Desktop/faculta/an2/sem2/ac/lab/MIPS/MIPS.runs/synth_1/runme.log
[Wed Mar 24 22:58:53 2021] Launched impl_1...
Run output will be captured here: C:/Users/olivi/OneDrive/Desktop/faculta/an2/sem2/ac/lab/MIPS/MIPS.runs/impl_1/runme.log
reset_run synth_1
launch_runs impl_1 -jobs 4
[Wed Mar 24 23:00:53 2021] Launched synth_1...
Run output will be captured here: C:/Users/olivi/OneDrive/Desktop/faculta/an2/sem2/ac/lab/MIPS/MIPS.runs/synth_1/runme.log
[Wed Mar 24 23:00:53 2021] Launched impl_1...
Run output will be captured here: C:/Users/olivi/OneDrive/Desktop/faculta/an2/sem2/ac/lab/MIPS/MIPS.runs/impl_1/runme.log
reset_run synth_1
launch_runs impl_1 -jobs 4
[Wed Mar 24 23:32:13 2021] Launched synth_1...
Run output will be captured here: C:/Users/olivi/OneDrive/Desktop/faculta/an2/sem2/ac/lab/MIPS/MIPS.runs/synth_1/runme.log
[Wed Mar 24 23:32:13 2021] Launched impl_1...
Run output will be captured here: C:/Users/olivi/OneDrive/Desktop/faculta/an2/sem2/ac/lab/MIPS/MIPS.runs/impl_1/runme.log
reset_run synth_1
launch_runs impl_1 -jobs 4
[Wed Mar 24 23:33:46 2021] Launched synth_1...
Run output will be captured here: C:/Users/olivi/OneDrive/Desktop/faculta/an2/sem2/ac/lab/MIPS/MIPS.runs/synth_1/runme.log
[Wed Mar 24 23:33:46 2021] Launched impl_1...
Run output will be captured here: C:/Users/olivi/OneDrive/Desktop/faculta/an2/sem2/ac/lab/MIPS/MIPS.runs/impl_1/runme.log
reset_run synth_1
launch_runs impl_1 -jobs 4
[Wed Mar 24 23:36:07 2021] Launched synth_1...
Run output will be captured here: C:/Users/olivi/OneDrive/Desktop/faculta/an2/sem2/ac/lab/MIPS/MIPS.runs/synth_1/runme.log
[Wed Mar 24 23:36:07 2021] Launched impl_1...
Run output will be captured here: C:/Users/olivi/OneDrive/Desktop/faculta/an2/sem2/ac/lab/MIPS/MIPS.runs/impl_1/runme.log
add_files -fileset constrs_1 -norecurse C:/Users/olivi/OneDrive/Desktop/faculta/an2/sem2/ac/lab/MIPS/cons.xdc
set_property target_constrs_file C:/Users/olivi/OneDrive/Desktop/faculta/an2/sem2/ac/lab/MIPS/cons.xdc [current_fileset -constrset]
reset_run synth_1
launch_runs impl_1 -to_step write_bitstream -jobs 4
[Wed Mar 24 23:40:11 2021] Launched synth_1...
Run output will be captured here: C:/Users/olivi/OneDrive/Desktop/faculta/an2/sem2/ac/lab/MIPS/MIPS.runs/synth_1/runme.log
[Wed Mar 24 23:40:11 2021] Launched impl_1...
Run output will be captured here: C:/Users/olivi/OneDrive/Desktop/faculta/an2/sem2/ac/lab/MIPS/MIPS.runs/impl_1/runme.log
exit
INFO: [Common 17-206] Exiting Vivado at Wed Mar 24 23:43:15 2021...
