Copyright 1986-2016 Xilinx, Inc. All Rights Reserved.
----------------------------------------------------------------------------------------------------------------------------------
| Tool Version     : Vivado v.2016.4 (win64) Build 1756540 Mon Jan 23 19:11:23 MST 2017
| Date             : Fri Apr 30 23:34:50 2021
| Host             : LAPTOP-F3C6J7K6 running 64-bit major release  (build 9200)
| Command          : report_power -file MIPS_power_routed.rpt -pb MIPS_power_summary_routed.pb -rpx MIPS_power_routed.rpx
| Design           : MIPS
| Device           : xc7a35tcpg236-1
| Design State     : routed
| Grade            : commercial
| Process          : typical
| Characterization : Production
----------------------------------------------------------------------------------------------------------------------------------

Power Report

Table of Contents
-----------------
1. Summary
1.1 On-Chip Components
1.2 Power Supply Summary
1.3 Confidence Level
2. Settings
2.1 Environment
2.2 Clock Constraints
3. Detailed Reports
3.1 By Hierarchy

1. Summary
----------

+--------------------------+----------------------------------+
| Total On-Chip Power (W)  | 29.793 (Junction temp exceeded!) |
| Dynamic (W)              | 29.307                           |
| Device Static (W)        | 0.486                            |
| Effective TJA (C/W)      | 5.0                              |
| Max Ambient (C)          | 0.0                              |
| Junction Temperature (C) | 125.0                            |
| Confidence Level         | Low                              |
| Setting File             | ---                              |
| Simulation Activity File | ---                              |
| Design Nets Matched      | NA                               |
+--------------------------+----------------------------------+


1.1 On-Chip Components
----------------------

+--------------------------+-----------+----------+-----------+-----------------+
| On-Chip                  | Power (W) | Used     | Available | Utilization (%) |
+--------------------------+-----------+----------+-----------+-----------------+
| Slice Logic              |     2.282 |      536 |       --- |             --- |
|   LUT as Logic           |     1.610 |      206 |     20800 |            0.99 |
|   LUT as Distributed RAM |     0.425 |       40 |      9600 |            0.42 |
|   Register               |     0.135 |      193 |     41600 |            0.46 |
|   CARRY4                 |     0.091 |       22 |      8150 |            0.27 |
|   F7/F8 Muxes            |     0.021 |       16 |     32600 |            0.05 |
|   BUFG                   |    <0.001 |        1 |        32 |            3.13 |
|   Others                 |     0.000 |       14 |       --- |             --- |
| Signals                  |     3.329 |      467 |       --- |             --- |
| DSPs                     |     1.051 |        1 |        90 |            1.11 |
| I/O                      |    22.645 |       34 |       106 |           32.08 |
| Static Power             |     0.486 |          |           |                 |
| Total                    |    29.793 |          |           |                 |
+--------------------------+-----------+----------+-----------+-----------------+


1.2 Power Supply Summary
------------------------

+-----------+-------------+-----------+-------------+------------+
| Source    | Voltage (V) | Total (A) | Dynamic (A) | Static (A) |
+-----------+-------------+-----------+-------------+------------+
| Vccint    |       1.000 |     7.027 |       6.686 |      0.341 |
| Vccaux    |       1.800 |     0.882 |       0.829 |      0.053 |
| Vcco33    |       3.300 |     6.404 |       6.403 |      0.001 |
| Vcco25    |       2.500 |     0.000 |       0.000 |      0.000 |
| Vcco18    |       1.800 |     0.000 |       0.000 |      0.000 |
| Vcco15    |       1.500 |     0.000 |       0.000 |      0.000 |
| Vcco135   |       1.350 |     0.000 |       0.000 |      0.000 |
| Vcco12    |       1.200 |     0.000 |       0.000 |      0.000 |
| Vccaux_io |       1.800 |     0.000 |       0.000 |      0.000 |
| Vccbram   |       1.000 |     0.010 |       0.000 |      0.010 |
| MGTAVcc   |       1.000 |     0.000 |       0.000 |      0.000 |
| MGTAVtt   |       1.200 |     0.000 |       0.000 |      0.000 |
| Vccadc    |       1.800 |     0.020 |       0.000 |      0.020 |
+-----------+-------------+-----------+-------------+------------+


1.3 Confidence Level
--------------------

+-----------------------------+------------+--------------------------------------------------------+--------------------------------------------------------------------------------------------------------------------+
| User Input Data             | Confidence | Details                                                | Action                                                                                                             |
+-----------------------------+------------+--------------------------------------------------------+--------------------------------------------------------------------------------------------------------------------+
| Design implementation state | High       | Design is routed                                       |                                                                                                                    |
| Clock nodes activity        | Low        | User specified less than 75% of clocks                 | Provide missing clock activity with a constraint file, simulation results or by editing the "By Clock Domain" view |
| I/O nodes activity          | Low        | More than 75% of inputs are missing user specification | Provide missing input activity with simulation results or by editing the "By Resource Type -> I/Os" view           |
| Internal nodes activity     | Medium     | User specified less than 25% of internal nodes         | Provide missing internal nodes activity with simulation results or by editing the "By Resource Type" views         |
| Device models               | High       | Device models are Production                           |                                                                                                                    |
|                             |            |                                                        |                                                                                                                    |
| Overall confidence level    | Low        |                                                        |                                                                                                                    |
+-----------------------------+------------+--------------------------------------------------------+--------------------------------------------------------------------------------------------------------------------+


2. Settings
-----------

2.1 Environment
---------------

+-----------------------+--------------------------+
| Ambient Temp (C)      | 25.0                     |
| ThetaJA (C/W)         | 5.0                      |
| Airflow (LFM)         | 250                      |
| Heat Sink             | medium (Medium Profile)  |
| ThetaSA (C/W)         | 4.6                      |
| Board Selection       | medium (10"x10")         |
| # of Board Layers     | 12to15 (12 to 15 Layers) |
| Board Temperature (C) | 25.0                     |
+-----------------------+--------------------------+


2.2 Clock Constraints
---------------------

+-------+--------+-----------------+
| Clock | Domain | Constraint (ns) |
+-------+--------+-----------------+


3. Detailed Reports
-------------------

3.1 By Hierarchy
----------------

+---------------------------------+-----------+
| Name                            | Power (W) |
+---------------------------------+-----------+
| MIPS                            |    29.307 |
|   C1                            |     0.098 |
|   C2                            |    <0.001 |
|   C3                            |     0.091 |
|   C4                            |     1.464 |
|   C5                            |     1.686 |
|     C1                          |     1.686 |
|       reg_file_reg_r1_0_7_0_5   |     0.157 |
|       reg_file_reg_r1_0_7_12_15 |     0.119 |
|       reg_file_reg_r1_0_7_6_11  |     0.161 |
|       reg_file_reg_r2_0_7_0_5   |     0.137 |
|       reg_file_reg_r2_0_7_12_15 |     0.087 |
|       reg_file_reg_r2_0_7_6_11  |     0.129 |
|   C7                            |     2.148 |
|   C8                            |     0.094 |
|     r_reg_0_31_0_0              |     0.006 |
|     r_reg_0_31_10_10            |     0.005 |
|     r_reg_0_31_11_11            |     0.005 |
|     r_reg_0_31_12_12            |     0.005 |
|     r_reg_0_31_13_13            |     0.005 |
|     r_reg_0_31_14_14            |     0.007 |
|     r_reg_0_31_15_15            |     0.005 |
|     r_reg_0_31_1_1              |     0.006 |
|     r_reg_0_31_2_2              |     0.007 |
|     r_reg_0_31_3_3              |     0.005 |
|     r_reg_0_31_4_4              |     0.005 |
|     r_reg_0_31_5_5              |     0.007 |
|     r_reg_0_31_6_6              |     0.006 |
|     r_reg_0_31_7_7              |     0.007 |
|     r_reg_0_31_8_8              |     0.007 |
|     r_reg_0_31_9_9              |     0.006 |
+---------------------------------+-----------+


